11/03/2018 15:35:42.0012	[raft_python_callback.py write_to_logger 74]  12 root [DEBUG] 
FILE:./C/Code/state_machine.c, FUNCTION:init_state_functions_handler, LINE:28
MESSAGE:start

11/03/2018 15:35:42.0013	[raft_python_callback.py write_to_logger 74]  13 root [DEBUG] 
FILE:./C/Code/state_machine.c, FUNCTION:init_state_functions_handler, LINE:70
MESSAGE:end

11/03/2018 15:35:42.0015	[raft_python_callback.py write_to_logger 74]  15 root [DEBUG] 
FILE:./C/Code/raft_server.c, FUNCTION:init_multicast_message, LINE:81
MESSAGE:init multicast socket

11/03/2018 15:35:42.0016	[raft_python_callback.py write_to_logger 74]  16 root [DEBUG] 
FILE:./C/Code/raft_server.c, FUNCTION:init_multicast_message, LINE:88
MESSAGE:multicast was opened successfully

11/03/2018 15:35:42.0016	[raft_python_callback.py write_to_logger 74]  16 root [DEBUG] 
FILE:./C/Code/static_queue.c, FUNCTION:init_raft_queue, LINE:13
MESSAGE:first time

11/03/2018 15:35:42.0016	[raft_python_callback.py write_to_logger 74]  16 root [DEBUG] 
FILE:./C/Code/handlers_utils.c, FUNCTION:update_DB, LINE:16
MESSAGE:update DB
VARIABLES:  DB_flag=status  key=status 

11/03/2018 15:35:42.0016	[raft_python_callback.py write_to_logger 74]  16 root [DEBUG] 
FILE:./C/Code/handlers_utils.c, FUNCTION:update_DB, LINE:17
MESSAGE:update DB
VARIABLES:  value=-3 

11/03/2018 15:35:42.0018	[raft_python_callback.py write_to_logger 74]  18 root [DEBUG] 
FILE:./raft_main.c, FUNCTION:init_raft, LINE:196
MESSAGE:init succeed

11/03/2018 15:35:42.0018	[raft_python_callback.py write_to_logger 74]  18 root [DEBUG] 
FILE:./raft_main.c, FUNCTION:run_raft, LINE:237
MESSAGE:start raft...
VARIABLES:  raft_ip=230.1.1.10 

11/03/2018 15:35:42.0018	[raft_python_callback.py write_to_logger 74]  18 root [DEBUG] 
FILE:./raft_main.c, FUNCTION:run_raft, LINE:239
MESSAGE:start raft...
VARIABLES:  raft_port=12345  server_id=3  members_num=3  leader_timeout=1000 

11/03/2018 15:35:42.0018	[raft_python_callback.py write_to_logger 74]  18 root [DEBUG] 
FILE:./raft_main.c, FUNCTION:run_raft, LINE:245
MESSAGE:run raft...

11/03/2018 15:35:42.0019	[raft_python_callback.py write_to_logger 74]  19 root [DEBUG] 
FILE:./C/Code/raft_server.c, FUNCTION:get_raft_message, LINE:133
MESSAGE:try to read message

11/03/2018 15:35:45.0019	[raft_python_callback.py write_to_logger 74]  19 root [DEBUG] 
FILE:./raft_main.c, FUNCTION:raft_timer, LINE:55
MESSAGE:add new timeout event- now in queue
VARIABLES:  sharedRaftData.raft_state.current_state=0 

11/03/2018 15:35:45.0020	[raft_python_callback.py write_to_logger 74]  20 root [DEBUG] 
FILE:./C/Code/state_machine.c, FUNCTION:operate_machine_state, LINE:8
MESSAGE:enter state function
VARIABLES:  node->event=0  sharedRaftData.raft_state.current_state=0 

