FILE:/home/ubuntu/Desktop/DN-Project/C/Code/state_machine.c, FUNCTION:init_state_functions_handler, LINE:23
MESSAGE:start
-----------------------------
FILE:/home/ubuntu/Desktop/DN-Project/C/Code/state_machine.c, FUNCTION:init_state_functions_handler, LINE:63
MESSAGE:end
-----------------------------
FILE:/home/ubuntu/Desktop/DN-Project/C/Code/raft_server.c, FUNCTION:init_multicast_message, LINE:72
MESSAGE:init multicast socket
-----------------------------
FILE:/home/ubuntu/Desktop/DN-Project/C/Code/raft_server.c, FUNCTION:init_multicast_message, LINE:79
MESSAGE:multicast was opened successfully
-----------------------------
FILE:/home/ubuntu/Desktop/DN-Project/C/Code/static_queue.c, FUNCTION:init_raft_queue, LINE:12
MESSAGE:first time
-----------------------------
FILE:/home/ubuntu/Desktop/DN-Project/C/Code/handlers_utils.c, FUNCTION:create_timeout_event, LINE:33
MESSAGE:create new event timer
VARIABLES:  sharedRaftData.raft_state.current_state=0  timeout=2927 
-----------------------------
FILE:/home/ubuntu/Desktop/DN-Project/raft_main.c, FUNCTION:init_raft, LINE:138
MESSAGE:init succeed
-----------------------------
FILE:/home/ubuntu/Desktop/DN-Project/raft_main.c, FUNCTION:run_raft, LINE:171
MESSAGE:start raft...
VARIABLES:  raft_ip=224.1.1.1 
-----------------------------
FILE:/home/ubuntu/Desktop/DN-Project/raft_main.c, FUNCTION:run_raft, LINE:173
MESSAGE:start raft...
VARIABLES:  raft_port=6060  server_id=1  members_num=2  leader_timeout=1000 
-----------------------------
FILE:/home/ubuntu/Desktop/DN-Project/raft_main.c, FUNCTION:run_raft, LINE:178
MESSAGE:run raft...
-----------------------------
FILE:/home/ubuntu/Desktop/DN-Project/C/Code/raft_server.c, FUNCTION:get_raft_message, LINE:111
MESSAGE:try to read message
-----------------------------
FILE:/home/ubuntu/Desktop/DN-Project/C/Code/handlers_utils.c, FUNCTION:time_out_hendler, LINE:63
MESSAGE:add new timeout event
VARIABLES:  sharedRaftData.raft_state.current_state=0 
-----------------------------
FILE:/home/ubuntu/Desktop/DN-Project/C/Code/state_machine.c, FUNCTION:operate_machine_state, LINE:8
MESSAGE:enter state function
VARIABLES:  node->event=0  sharedRaftData.raft_state.current_state=0 
-----------------------------
FILE:/home/ubuntu/Desktop/DN-Project/C/Code/handlers_utils.c, FUNCTION:time_out_hendler, LINE:63
MESSAGE:add new timeout event
VARIABLES:  sharedRaftData.raft_state.current_state=0 
-----------------------------
FILE:/home/ubuntu/Desktop/DN-Project/C/Code/state_machine.c, FUNCTION:operate_machine_state, LINE:8
MESSAGE:enter state function
VARIABLES:  node->event=0  sharedRaftData.raft_state.current_state=0 
-----------------------------
FILE:/home/ubuntu/Desktop/DN-Project/C/Code/static_queue.c, FUNCTION:clear_queue, LINE:86
MESSAGE:clearing queue
VARIABLES:  sharedRaftData.raft_state.term=0  sharedRaftData.raft_state.current_state=0 
-----------------------------
FILE:/home/ubuntu/Desktop/DN-Project/C/Code/static_queue.c, FUNCTION:init_raft_queue, LINE:19
MESSAGE:not first time
-----------------------------
FILE:/home/ubuntu/Desktop/DN-Project/C/Code/handlers_utils.c, FUNCTION:update_DB, LINE:13
MESSAGE:update DB
VARIABLES:  DB_flag=status db  key=term 
-----------------------------
FILE:/home/ubuntu/Desktop/DN-Project/C/Code/handlers_utils.c, FUNCTION:update_DB, LINE:14
MESSAGE:update DB
VARIABLES:  value=1 
-----------------------------
FILE:/home/ubuntu/Desktop/DN-Project/C/Code/test.c, FUNCTION:_test_update_DB, LINE:20
MESSAGE:WORK WORK WORK WORK WORK _test_update_DB
-----------------------------
FILE:/home/ubuntu/Desktop/DN-Project/C/Code/handlers_utils.c, FUNCTION:update_DB, LINE:13
MESSAGE:update DB
VARIABLES:  DB_flag=status db  key=status 
-----------------------------
FILE:/home/ubuntu/Desktop/DN-Project/C/Code/handlers_utils.c, FUNCTION:update_DB, LINE:14
MESSAGE:update DB
VARIABLES:  value=-2 
-----------------------------
FILE:/home/ubuntu/Desktop/DN-Project/C/Code/test.c, FUNCTION:_test_update_DB, LINE:20
MESSAGE:WORK WORK WORK WORK WORK _test_update_DB
-----------------------------
FILE:/home/ubuntu/Desktop/DN-Project/C/Code/static_queue.c, FUNCTION:create_new_queue_node_data, LINE:100
MESSAGE:create new msg
VARIABLES:  event=8 
-----------------------------
FILE:/home/ubuntu/Desktop/DN-Project/C/Code/follower_handlers.c, FUNCTION:follower_time_out_handler, LINE:250
MESSAGE:follower sending request for vote msg
-----------------------------
FILE:/home/ubuntu/Desktop/DN-Project/C/Code/raft_server.c, FUNCTION:send_raft_message, LINE:87
MESSAGE:try to send msg
VARIABLES:  message_size=16 
-----------------------------
FILE:/home/ubuntu/Desktop/DN-Project/C/Code/raft_server.c, FUNCTION:send_raft_message, LINE:103
MESSAGE:msg was successfully sent
VARIABLES:  message_size=16 
-----------------------------
FILE:/home/ubuntu/Desktop/DN-Project/C/Code/raft_server.c, FUNCTION:get_raft_message, LINE:131
MESSAGE:msg was successfully read
VARIABLES:  message_size=16 
-----------------------------
FILE:/home/ubuntu/Desktop/DN-Project/raft_main.c, FUNCTION:run_multicast_listener, LINE:13
MESSAGE:got new message and ids as followed:
VARIABLES:  new_node.message_sent_by=1  sharedRaftData.raft_state.server_id=1 
-----------------------------
FILE:/home/ubuntu/Desktop/DN-Project/C/Code/handlers_utils.c, FUNCTION:is_relevant_message, LINE:114
MESSAGE:check if msg is relevant
VARIABLES:  sharedRaftData.raft_state.current_state=1 
	 node_message->event=8 
	 is_relevant_rv=0 
	
-----------------------------
FILE:/home/ubuntu/Desktop/DN-Project/C/Code/raft_server.c, FUNCTION:get_raft_message, LINE:111
MESSAGE:try to read message
-----------------------------
FILE:/home/ubuntu/Desktop/DN-Project/C/Code/handlers_utils.c, FUNCTION:time_out_hendler, LINE:63
MESSAGE:add new timeout event
VARIABLES:  sharedRaftData.raft_state.current_state=1 
-----------------------------
FILE:/home/ubuntu/Desktop/DN-Project/C/Code/state_machine.c, FUNCTION:operate_machine_state, LINE:8
MESSAGE:enter state function
VARIABLES:  node->event=0  sharedRaftData.raft_state.current_state=1 
-----------------------------
FILE:/home/ubuntu/Desktop/DN-Project/C/Code/candidate_handlers.c, FUNCTION:candidate_time_out_handler, LINE:123
MESSAGE:timeout event
VARIABLES:  sharedRaftData.raft_state.wakeup_counter=0 
-----------------------------
